2024-04-23 20:51:24.442 [info] Experiment 'pythonaa' is active
2024-04-23 20:51:24.442 [info] Experiment 'pythonRecommendTensorboardExt' is active
2024-04-23 20:51:24.442 [info] Experiment 'pythonREPLSmartSend' is active
2024-04-23 20:51:24.442 [info] Experiment 'pythonSurveyNotification' is active
2024-04-23 20:51:24.442 [info] Experiment 'pythonTerminalEnvVarActivation' is active
2024-04-23 20:51:24.442 [info] Experiment 'pythonTestAdapter' is active
2024-04-23 20:51:24.442 [info] Test server listening.
2024-04-23 20:51:24.442 [info] > conda info --json
2024-04-23 20:51:24.445 [info] Found: /bin/python3 --> /bin/python3.10
2024-04-23 20:51:24.446 [info] Found: /bin/python3.10 --> /bin/python3.10
2024-04-23 20:51:24.450 [info] Found: /bin/python3.8 --> /bin/python3.8
2024-04-23 20:51:24.519 [info] Found: /usr/bin/python3 --> /usr/bin/python3.10
2024-04-23 20:51:24.520 [info] Found: /usr/bin/python3.10 --> /usr/bin/python3.10
2024-04-23 20:51:24.520 [info] Found: /usr/bin/python3.8 --> /usr/bin/python3.8
2024-04-23 20:51:24.794 [info] > /bin/python3 -I ~/.vscode-server/extensions/ms-python.python-2024.4.1/python_files/get_output_via_markers.py ~/.vscode-server/extensions/ms-python.python-2024.4.1/python_files/interpreterInfo.py
2024-04-23 20:51:24.844 [info] > /bin/python3.8 -I ~/.vscode-server/extensions/ms-python.python-2024.4.1/python_files/get_output_via_markers.py ~/.vscode-server/extensions/ms-python.python-2024.4.1/python_files/interpreterInfo.py
2024-04-23 20:51:24.881 [info] > /usr/bin/python3 -I ~/.vscode-server/extensions/ms-python.python-2024.4.1/python_files/get_output_via_markers.py ~/.vscode-server/extensions/ms-python.python-2024.4.1/python_files/interpreterInfo.py
2024-04-23 20:51:24.924 [info] > /usr/bin/python3.8 -I ~/.vscode-server/extensions/ms-python.python-2024.4.1/python_files/get_output_via_markers.py ~/.vscode-server/extensions/ms-python.python-2024.4.1/python_files/interpreterInfo.py
2024-04-23 20:51:24.982 [info] Python interpreter path: /bin/python3
2024-04-23 20:51:26.807 [info] Starting Pylance language server.
2024-04-23 20:51:30.157 [info] CreateEnv Trigger - Workspace not found for /home/abdallah/code.py
2024-04-23 20:51:30.279 [info] Send text to terminal: /bin/python3 /home/abdallah/code.py
2024-04-23 20:52:31.356 [info] Send text to terminal: /bin/python3 /home/abdallah/code.py
2024-04-23 20:53:32.587 [info] Send text to terminal: /bin/python3 /home/abdallah/code.py
2024-04-23 20:53:46.659 [info] Send text to terminal: /bin/python3 /home/abdallah/code.py
2024-04-23 20:54:02.212 [info] Send text to terminal: /bin/python3 /home/abdallah/code.py
2024-04-23 20:54:12.582 [info] Send text to terminal: /bin/python3 /home/abdallah/code.py
